{"contracts\\Funding.sol":{"l":{"11":20,"12":20,"13":20,"17":4,"18":2,"22":3,"23":2,"27":21,"28":19,"32":2,"33":1,"37":2,"38":1,"42":5,"46":26,"50":19,"51":19,"55":1,"59":1,"60":1,"61":1,"62":1},"path":"D:/Blockchain Dev Camp June/Truffle/Funding/contracts/Funding.sol","s":{"1":20,"2":20,"3":20,"4":4,"5":3,"6":21,"7":2,"8":2,"9":5,"10":26,"11":19,"12":19,"13":1,"14":1,"15":1},"b":{"1":[2,2],"2":[2,1],"3":[19,2],"4":[1,1],"5":[1,1],"6":[1,0]},"f":{"1":20,"2":4,"3":3,"4":21,"5":2,"6":2,"7":5,"8":26,"9":19,"10":1,"11":1},"fnMap":{"1":{"name":null,"line":10,"loc":{"start":{"line":10,"column":2},"end":{"line":10,"column":48}}},"2":{"name":"onlyOwner","line":16,"loc":{"start":{"line":16,"column":2},"end":{"line":16,"column":22}}},"3":{"name":"onlyFinished","line":21,"loc":{"start":{"line":21,"column":2},"end":{"line":21,"column":25}}},"4":{"name":"onlyNotFinished","line":26,"loc":{"start":{"line":26,"column":2},"end":{"line":26,"column":28}}},"5":{"name":"onlyFunded","line":31,"loc":{"start":{"line":31,"column":2},"end":{"line":31,"column":23}}},"6":{"name":"onlyNotFunded","line":36,"loc":{"start":{"line":36,"column":2},"end":{"line":36,"column":26}}},"7":{"name":"isFunded","line":41,"loc":{"start":{"line":41,"column":2},"end":{"line":41,"column":48}}},"8":{"name":"isFinished","line":45,"loc":{"start":{"line":45,"column":2},"end":{"line":45,"column":50}}},"9":{"name":"donate","line":49,"loc":{"start":{"line":49,"column":2},"end":{"line":49,"column":50}}},"10":{"name":"withdraw","line":54,"loc":{"start":{"line":54,"column":2},"end":{"line":54,"column":49}}},"11":{"name":"refund","line":58,"loc":{"start":{"line":58,"column":2},"end":{"line":58,"column":53}}}},"statementMap":{"1":{"start":{"line":11,"column":4},"end":{"line":11,"column":21}},"2":{"start":{"line":12,"column":4},"end":{"line":12,"column":31}},"3":{"start":{"line":13,"column":4},"end":{"line":13,"column":15}},"4":{"start":{"line":17,"column":6},"end":{"line":17,"column":33}},"5":{"start":{"line":22,"column":6},"end":{"line":22,"column":26}},"6":{"start":{"line":27,"column":4},"end":{"line":27,"column":25}},"7":{"start":{"line":32,"column":6},"end":{"line":32,"column":24}},"8":{"start":{"line":37,"column":6},"end":{"line":37,"column":25}},"9":{"start":{"line":42,"column":6},"end":{"line":42,"column":27}},"10":{"start":{"line":46,"column":4},"end":{"line":46,"column":28}},"11":{"start":{"line":50,"column":4},"end":{"line":50,"column":22}},"12":{"start":{"line":51,"column":4},"end":{"line":51,"column":36}},"13":{"start":{"line":59,"column":6},"end":{"line":59,"column":39}},"14":{"start":{"line":60,"column":6},"end":{"line":60,"column":24}},"15":{"start":{"line":61,"column":6},"end":{"line":61,"column":29}}},"branchMap":{"1":{"line":17,"type":"if","locations":[{"start":{"line":17,"column":6},"end":{"line":17,"column":6}},{"start":{"line":17,"column":6},"end":{"line":17,"column":6}}]},"2":{"line":22,"type":"if","locations":[{"start":{"line":22,"column":6},"end":{"line":22,"column":6}},{"start":{"line":22,"column":6},"end":{"line":22,"column":6}}]},"3":{"line":27,"type":"if","locations":[{"start":{"line":27,"column":4},"end":{"line":27,"column":4}},{"start":{"line":27,"column":4},"end":{"line":27,"column":4}}]},"4":{"line":32,"type":"if","locations":[{"start":{"line":32,"column":6},"end":{"line":32,"column":6}},{"start":{"line":32,"column":6},"end":{"line":32,"column":6}}]},"5":{"line":37,"type":"if","locations":[{"start":{"line":37,"column":6},"end":{"line":37,"column":6}},{"start":{"line":37,"column":6},"end":{"line":37,"column":6}}]},"6":{"line":60,"type":"if","locations":[{"start":{"line":60,"column":6},"end":{"line":60,"column":6}},{"start":{"line":60,"column":6},"end":{"line":60,"column":6}}]}}}}